534333009802000098020000
53433300F003000058040000
534333001C2E0100582E0100
534333003C4F00005C4F0000
53433300941C0000981C0000
53433300E4000000E8000000
534333002800000028000000
5343330018760000C07D0000
53433300C41B0000701D0000
534333006016000010180000
53433300A42100001C240000
53433300B4270000002A0000
53433300D82B0000A42E0000
53433300902A00007C2D0000
534333000422000034240000
534333008C110000AC120000
53433300F83A0000543F0000
53433300C0420000FC460000
534333003004000054040000
53433300CC25000084280000
53433300D0750000D47D0000
53433300502E000078310000
5343330070030000A4030000
53433300AC290000F02C0000
534333009801000098010000
53433300CC4000004C450000
53433300581E000018200000
534333006023000064250000
53433300143E000080420000
53433300440300007C030000
5343330094560000285C0000
53433300541C0000341E0000
534333006010000074110000
534333006802000080020000
534333000C520000C0560000
534333006C190000001B0000
53433300442000006C220000
53433300C4200000BC220000
5343330084450000A0490000
53433300C0360000043B0000
53433300F43E00006C430000
534333002051000028560000
5343330084030000A0030000
53433300F014000048160000
53433300AC3100009C340000
53433300A41600006C180000
53433300C02000001C230000
53433300F02A0000E02D0000
53433300F8220000FC240000
534333009C430000E0470000
534333009835000058380000
534333001C2E000008310000
53433300FC2B00002C2E0000
53433300701C0000841D0000
53433300EC360000283A0000
53433300F0240000AC260000
53433300301700003C180000
53433300C00D0000900E0000
53433300081F0000BC200000
534333006C3000004C330000
53433300A0100000C4110000
53433300E05B000050610000
534333002426000010280000
53433300D8240000C4260000
534333004811000094120000
53433300C80C0000940D0000
53433300E43F000090430000
534333003C290000602B0000
534333000C12000040130000
53433300B00D0000700E0000
53433300D83F000078430000
53433300F00F0000DC100000
53433300781E0000E01F0000
53433300001F0000B8200000
534333000C080000BC080000
53433300C42B0000702E0000
53433300881F0000B8210000
53433300F02E00009C310000
534333008C330000A4360000
53433300D00D0000080F0000
53433300FC10000048120000
534333006C380000643D0000
53433300041C0000441E0000
534333006C0B00004C0C0000
53433300701800007C1A0000
534333003417000084180000
5343330098100000A0110000
534333009C2A00005C2D0000
53433300C407000060080000
53433300902A0000BC2C0000
534333006C110000E4120000
534333001418000084190000
534333007C360000A43A0000
5343330010280000C42A0000
534333003023000018250000
534333003C510000C8560000
534333008C0D00008C0E0000
53433300B81F00009C210000
5343330070210000A0230000
534333001C370000483A0000
5343330068060000E0060000
53433300501D0000E81F0000
53433300882D000094300000
53433300B02E00002C320000
53433300C8190000041B0000
53433300B41700009C190000
53433300002C00003C300000
53433300B8310000A8350000
53433300C40A0000840B0000
53433300C81B0000201E0000
53433300A4170000CC190000
53433300444D00000C530000
53433300DC2900001C2D0000
53433300543D000024420000
53433300BC150000BC170000
53433300A0240000D8270000
534333004017000010190000
5343330048360000E4390000
534333009C620000EC670000
53433300304800006C4F0000
53433300C0260000EC290000
53433300001500000C170000
53433300D420000078230000
534333006816000020180000
5343330048140000F4150000
53433300F81400008C160000
5343330034230000D4250000
53433300201C00007C1E0000
53433300881E0000CC200000
53433300B43A0000943F0000
5343330028120000A4130000
53433300D84C0000A8520000
53433300180F00002C100000
53433300FC24000068280000
53433300900E0000D40F0000
534333004021000064240000
53433300EC380000183E0000
534333003012000038130000
534333006C180000481A0000
5343330080180000341A0000
534333008C1D000000200000
53433300A813000044150000
53433300304D000090530000
53433300C41A0000A41C0000
53433300E8180000401B0000
53433300F8160000AC180000
53433300381A00007C1C0000
534333006C260000D8290000
53433300D020000028230000
53433300F033000054380000
534333007434000070390000
534333008C110000E4120000
534333005C3500000C390000
53433300581900001C1B0000
53433300A849000058500000
534333002C3F0000F4440000
53433300F0190000381C0000
53433300103600009C3A0000
5343330010090000B8090000
53433300282D000084300000
53433300E830000018350000
534333000C380000783C0000
53433300C4290000302C0000
534333002C3A0000443E0000
53433300DC350000B4390000
53433300B431000020360000
5343330038060000B8060000
53433300481E00006C200000
53433300481D0000581F0000
53433300481D0000741F0000
5343330024180000E4190000
534333009C4F000070550000
534333007816000028180000
534333002822000060240000
53433300683D0000A8410000
53433300701B0000F01D0000
53433300206E00008C750000
53433300AC2D00002C310000
53433300781E00000C210000
5343330038340000D4360000
53433300D8500000C0550000
53433300BC5600000C5D0000
534333001400000014000000
534333001000000010000000
53433300A00F0000F42C0000
53433300D4570000D0770000
534333009C51000050530000
53433300BC100000C0140000
53433300540A00000C1A0000
