5343330034160000B4170000
53433300C8630000746B0000
534333009422000098250000
534333009C1A0000041D0000
534333005C730000147D0000
53433300602400008C270000
53433300884900002C4E0000
53433300AC4A000064500000
53433300D0470000504E0000
53433300082C0000642F0000
53433300180E0000500F0000
534333006C30000068340000
53433300CC03000034040000
534333008C2B0000542F0000
53433300E03D00001C430000
53433300A024000098270000
53433300C40600002C070000
53433300C43B000074400000
534333009014000024160000
534333005C2C0000C82F0000
53433300C8300000C8340000
53433300E4260000A4290000
53433300902D00002C310000
5343330040490000744E0000
534333008C440000EC480000
5343330030170000E4180000
53433300D40D00002C0F0000
5343330068290000D42C0000
5343330030390000743D0000
53433300E44D0000FC540000
53433300882D00007C310000
53433300841900009C1B0000
53433300BC450000E84B0000
53433300241000007C110000
53433300A81400009C160000
53433300784D0000A0530000
53433300282C000028300000
53433300D00E000010100000
53433300304E0000AC540000
53433300A00C00004C0D0000
53433300B84300009C480000
5343330080110000A4120000
534333002C30000070340000
53433300D84800007C4F0000
53433300084E000014540000
53433300D02E000074320000
5343330040480000644E0000
53433300306200009C690000
5343330008190000D01A0000
534333008C1D0000881F0000
53433300A85D000034640000
53433300C4540000E05A0000
5343330028300000E4330000
534333008C2E0000EC310000
5343330040180000D8190000
53433300E49000003C990000
534333004C60000060690000
53433300B8600000CC670000
53433300FC15000064170000
53433300B0570000E05D0000
53433300407E000010880000
53433300443A0000643E0000
53433300001300005C140000
53433300EC20000040230000
53433300242C000040300000
53433300AC2D000014310000
53433300E4A9000070B40000
53433300E42800006C2B0000
53433300D0370000983B0000
53433300F41200006C140000
5343330000550000DC5B0000
53433300E82000007C230000
53433300501A0000541C0000
53433300004C000040500000
53433300BCC2000048D00000
53433300B005000018060000
53433300C81F000050220000
53433300143C000078400000
53433300AC50000068570000
5343330060870000688F0000
53433300D0180000D01A0000
53433300BC3200004C360000
53433300C82C000080300000
53433300A0340000EC370000
53433300C85B00002C620000
53433300F4150000D8170000
53433300C8270000042B0000
53433300C806000058070000
534333008C700000E0780000
534333009812000028140000
5343330014110000AC120000
53433300B80E0000F80F0000
534333003C0C0000300D0000
53433300D4230000BC260000
53433300D40E0000880F0000
534333002C3F000064430000
53433300046E0000E0750000
5343330014730000E47A0000
534333001061000080670000
534333001422000008240000
53433300986C0000EC730000
53433300CC650000C46B0000
53433300F41200004C140000
534333009425000084280000
5343330090480000484A0000
53433300E447000058490000
534333000C4C0000EC4D0000
53433300E44D0000804F0000
